"../../../Engine/Content/Functions/Engine_MaterialFunctions01/Shading/PowerToRoughness.uasset" 0
"../../../Engine/Content/Functions/Engine_MaterialFunctions01/Shading/PowerToRoughness.uexp" 1
"../../../Engine/Content/Functions/Engine_MaterialFunctions01/Shading/ConvertFromDiffSpec.uasset" 2
"../../../Engine/Content/Functions/Engine_MaterialFunctions01/Shading/ConvertFromDiffSpec.uexp" 3
"../../../Engine/Content/EngineSounds/Master.uasset" 4
"../../../Engine/Content/EngineSounds/Master.uexp" 5
"../../../Engine/Content/EngineSky/VolumetricClouds/CloudWeatherTexture.uasset" 6
"../../../Engine/Content/EngineSky/VolumetricClouds/CloudWeatherTexture.uexp" 7
"../../../Engine/Content/Functions/Engine_MaterialFunctions02/Utility/MakeFloat2.uasset" 8
"../../../Engine/Content/Functions/Engine_MaterialFunctions02/Utility/MakeFloat2.uexp" 9
"../../../Engine/Content/EngineSky/VolumetricClouds/CloudGradientTexture.uasset" 10
"../../../Engine/Content/EngineSky/VolumetricClouds/CloudGradientTexture.uexp" 11
"../../../Engine/Content/EngineSky/VolumetricClouds/T_NoiseShape64.ubulk" 12
"../../../Engine/Content/EngineSky/VolumetricClouds/T_NoiseShape64.uasset" 13
"../../../Engine/Content/EngineSky/VolumetricClouds/T_NoiseShape64.uexp" 14
"../../../Engine/Content/EngineSky/VolumetricClouds/T_VolumeNoiseShape64.uasset" 15
"../../../Engine/Content/EngineSky/VolumetricClouds/T_VolumeNoiseShape64.uexp" 16
"../../../Engine/Content/EngineSky/VolumetricClouds/T_NoiseErosion.ubulk" 17
"../../../Engine/Content/EngineSky/VolumetricClouds/T_NoiseErosion.uasset" 18
"../../../Engine/Content/EngineSky/VolumetricClouds/T_NoiseErosion.uexp" 19
"../../../Engine/Content/EngineSky/VolumetricClouds/T_VolumeNoiseErosion32.uasset" 20
"../../../Engine/Content/EngineSky/VolumetricClouds/T_VolumeNoiseErosion32.uexp" 21
"../../../Engine/Content/EngineSky/VolumetricClouds/m_SimpleVolumetricCloud.uasset" 22
"../../../Engine/Content/EngineSky/VolumetricClouds/m_SimpleVolumetricCloud.uexp" 23
"../../../Engine/Content/EngineSky/VolumetricClouds/m_SimpleVolumetricCloud_Inst.uasset" 24
"../../../Engine/Content/EngineSky/VolumetricClouds/m_SimpleVolumetricCloud_Inst.uexp" 25
"../../../Engine/Content/EngineResources/GradientTexture0.uasset" 26
"../../../Engine/Content/EngineResources/GradientTexture0.uexp" 27
"../../../Engine/Content/EngineResources/DefaultVolumeTexture2D.uasset" 28
"../../../Engine/Content/EngineResources/DefaultVolumeTexture2D.uexp" 29
"../../../Engine/Content/EngineResources/DefaultVolumeTexture.uasset" 30
"../../../Engine/Content/EngineResources/DefaultVolumeTexture.uexp" 31
"../../../Engine/Content/EngineResources/DefaultTextureCube.uasset" 32
"../../../Engine/Content/EngineResources/DefaultTextureCube.uexp" 33
"../../../Engine/Content/EngineResources/DefaultTexture.ubulk" 34
"../../../Engine/Content/EngineResources/DefaultTexture.uasset" 35
"../../../Engine/Content/EngineResources/DefaultTexture.uexp" 36
"../../../Engine/Content/EngineResources/Black.uasset" 37
"../../../Engine/Content/EngineResources/Black.uexp" 38
"../../../Engine/Content/EngineResources/FilmGrains/Marcie_Grain_v3_128_M2_000.uasset" 39
"../../../Engine/Content/EngineResources/FilmGrains/Marcie_Grain_v3_128_M2_000.uexp" 40
"../../../Engine/Content/EngineMeshes/Sphere.ubulk" 41
"../../../Engine/Content/EngineMeshes/Sphere.uasset" 42
"../../../Engine/Content/EngineMeshes/Sphere.uexp" 43
"../../../Engine/Content/EngineResources/WhiteSquareTexture.uasset" 44
"../../../Engine/Content/EngineResources/WhiteSquareTexture.uexp" 45
"../../../Engine/Content/EngineMaterials/Widget3DPassThrough.uasset" 46
"../../../Engine/Content/EngineMaterials/Widget3DPassThrough.uexp" 47
"../../../Engine/Content/EngineMaterials/Widget3DPassThrough_Translucent.uasset" 48
"../../../Engine/Content/EngineMaterials/Widget3DPassThrough_Translucent.uexp" 49
"../../../Engine/Content/EngineMaterials/Widget3DPassThrough_Translucent_OneSided.uasset" 50
"../../../Engine/Content/EngineMaterials/Widget3DPassThrough_Translucent_OneSided.uexp" 51
"../../../Engine/Content/EngineMaterials/Widget3DPassThrough_Opaque.uasset" 52
"../../../Engine/Content/EngineMaterials/Widget3DPassThrough_Opaque.uexp" 53
"../../../Engine/Content/EngineMaterials/Widget3DPassThrough_Opaque_OneSided.uasset" 54
"../../../Engine/Content/EngineMaterials/Widget3DPassThrough_Opaque_OneSided.uexp" 55
"../../../Engine/Content/EngineMaterials/Widget3DPassThrough_Masked_OneSided.uasset" 56
"../../../Engine/Content/EngineMaterials/Widget3DPassThrough_Masked_OneSided.uexp" 57
"../../../Engine/Content/EngineMaterials/Widget3DPassThrough_Masked.uasset" 58
"../../../Engine/Content/EngineMaterials/Widget3DPassThrough_Masked.uexp" 59
"../../../Engine/Content/EngineMaterials/WeightMapPlaceholderTexture.uasset" 60
"../../../Engine/Content/EngineMaterials/WeightMapPlaceholderTexture.uexp" 61
"../../../Engine/Content/EngineMaterials/RemoveSurfaceMaterial.uasset" 62
"../../../Engine/Content/EngineMaterials/RemoveSurfaceMaterial.uexp" 63
"../../../Engine/Content/EngineMaterials/PreintegratedSkinBRDF.uasset" 64
"../../../Engine/Content/EngineMaterials/PreintegratedSkinBRDF.uexp" 65
"../../../Engine/Content/EngineMaterials/DefaultCalibrationGrayscale.uasset" 66
"../../../Engine/Content/EngineMaterials/DefaultCalibrationGrayscale.uexp" 67
"../../../Engine/Content/EngineMaterials/PPM_DefaultCalibrationGrayscale.uasset" 68
"../../../Engine/Content/EngineMaterials/PPM_DefaultCalibrationGrayscale.uexp" 69
"../../../Engine/Content/EngineMaterials/DefaultCalibrationColor.uasset" 70
"../../../Engine/Content/EngineMaterials/DefaultCalibrationColor.uexp" 71
"../../../Engine/Content/EngineMaterials/PPM_DefaultCalibrationColor.uasset" 72
"../../../Engine/Content/EngineMaterials/PPM_DefaultCalibrationColor.uexp" 73
"../../../Engine/Content/Functions/Engine_MaterialFunctions02/WorldPositionOffset/CameraOffset.uasset" 74
"../../../Engine/Content/Functions/Engine_MaterialFunctions02/WorldPositionOffset/CameraOffset.uexp" 75
"../../../Engine/Content/EngineMaterials/PhAT_JointLimitMaterial.uasset" 76
"../../../Engine/Content/EngineMaterials/PhAT_JointLimitMaterial.uexp" 77
"../../../Engine/Content/EngineMaterials/InvalidLightmapSettings.ubulk" 78
"../../../Engine/Content/EngineMaterials/InvalidLightmapSettings.uasset" 79
"../../../Engine/Content/EngineMaterials/InvalidLightmapSettings.uexp" 80
"../../../Engine/Content/EngineMaterials/M_InvalidLightmapSettings.uasset" 81
"../../../Engine/Content/EngineMaterials/M_InvalidLightmapSettings.uexp" 82
"../../../Engine/Content/EngineMaterials/MiniFont.uasset" 83
"../../../Engine/Content/EngineMaterials/MiniFont.uexp" 84
"../../../Engine/Content/EngineMaterials/Good64x64TilingNoiseHighFreq.uasset" 85
"../../../Engine/Content/EngineMaterials/Good64x64TilingNoiseHighFreq.uexp" 86
"../../../Engine/Content/EngineMaterials/GizmoMaterial.uasset" 87
"../../../Engine/Content/EngineMaterials/GizmoMaterial.uexp" 88
"../../../Engine/Content/EngineMaterials/BaseFlattenEmissiveMap_VT.uasset" 89
"../../../Engine/Content/EngineMaterials/BaseFlattenEmissiveMap_VT.uexp" 90
"../../../Engine/Content/EngineMaterials/BaseFlattenGrayscaleMap_VT.uasset" 91
"../../../Engine/Content/EngineMaterials/BaseFlattenGrayscaleMap_VT.uexp" 92
"../../../Engine/Content/EngineMaterials/BaseFlattenLinearColor_VT.uasset" 93
"../../../Engine/Content/EngineMaterials/BaseFlattenLinearColor_VT.uexp" 94
"../../../Engine/Content/EngineMaterials/Black_1x1_EXR_Texture_VT.uasset" 95
"../../../Engine/Content/EngineMaterials/Black_1x1_EXR_Texture_VT.uexp" 96
"../../../Engine/Content/EngineMaterials/BaseFlattenDiffuseMap_VT.uasset" 97
"../../../Engine/Content/EngineMaterials/BaseFlattenDiffuseMap_VT.uexp" 98
"../../../Engine/Content/EngineMaterials/BaseFlattenNormalMap_VT.uasset" 99
"../../../Engine/Content/EngineMaterials/BaseFlattenNormalMap_VT.uexp" 100
"../../../Engine/Content/EngineMaterials/FlattenMaterial_WS_Normal_VT.uasset" 101
"../../../Engine/Content/EngineMaterials/FlattenMaterial_WS_Normal_VT.uexp" 102
"../../../Engine/Content/EngineMaterials/FlattenMaterial_VT.uasset" 103
"../../../Engine/Content/EngineMaterials/FlattenMaterial_VT.uexp" 104
"../../../Engine/Content/EngineMaterials/BaseFlattenNormalMap.uasset" 105
"../../../Engine/Content/EngineMaterials/BaseFlattenNormalMap.uexp" 106
"../../../Engine/Content/EngineMaterials/BaseFlattenGrayscaleMap.uasset" 107
"../../../Engine/Content/EngineMaterials/BaseFlattenGrayscaleMap.uexp" 108
"../../../Engine/Content/EngineMaterials/BaseFlattenDiffuseMap.uasset" 109
"../../../Engine/Content/EngineMaterials/BaseFlattenDiffuseMap.uexp" 110
"../../../Engine/Content/Functions/Engine_MaterialFunctions02/PivotPainter2/Black_1x1_EXR_Texture.uasset" 111
"../../../Engine/Content/Functions/Engine_MaterialFunctions02/PivotPainter2/Black_1x1_EXR_Texture.uexp" 112
"../../../Engine/Content/EngineMaterials/BaseFlattenEmissiveMap.uasset" 113
"../../../Engine/Content/EngineMaterials/BaseFlattenEmissiveMap.uexp" 114
"../../../Engine/Content/EngineMaterials/BaseFlattenLinearColor.uasset" 115
"../../../Engine/Content/EngineMaterials/BaseFlattenLinearColor.uexp" 116
"../../../Engine/Content/EngineMaterials/FlattenMaterial.uasset" 117
"../../../Engine/Content/EngineMaterials/FlattenMaterial.uexp" 118
"../../../Engine/Content/EngineMaterials/DefaultWhiteGrid_Low.uasset" 119
"../../../Engine/Content/EngineMaterials/DefaultWhiteGrid_Low.uexp" 120
"../../../Engine/Content/EngineMaterials/EmissiveMeshMaterial.uasset" 121
"../../../Engine/Content/EngineMaterials/EmissiveMeshMaterial.uexp" 122
"../../../Engine/Content/EngineMaterials/DefaultWhiteGrid.ubulk" 123
"../../../Engine/Content/EngineMaterials/DefaultWhiteGrid.uasset" 124
"../../../Engine/Content/EngineMaterials/DefaultWhiteGrid.uexp" 125
"../../../Engine/Content/EngineFonts/RobotoDistanceField.uasset" 126
"../../../Engine/Content/EngineFonts/RobotoDistanceField.uexp" 127
"../../../Engine/Content/EngineMaterials/DefaultTextMaterialOpaque.uasset" 128
"../../../Engine/Content/EngineMaterials/DefaultTextMaterialOpaque.uexp" 129
"../../../Engine/Content/EngineMaterials/DefaultDiffuse.ubulk" 130
"../../../Engine/Content/EngineMaterials/DefaultDiffuse.uasset" 131
"../../../Engine/Content/EngineMaterials/DefaultDiffuse.uexp" 132
"../../../Engine/Content/Functions/Engine_MaterialFunctions02/Utility/BreakOutFloat2Components.uasset" 133
"../../../Engine/Content/Functions/Engine_MaterialFunctions02/Utility/BreakOutFloat2Components.uexp" 134
"../../../Engine/Content/EngineMaterials/DefaultPostProcessMaterial.uasset" 135
"../../../Engine/Content/EngineMaterials/DefaultPostProcessMaterial.uexp" 136
"../../../Engine/Content/EngineMaterials/DefaultPhysicalMaterial.uasset" 137
"../../../Engine/Content/EngineMaterials/DefaultPhysicalMaterial.uexp" 138
"../../../Engine/Content/EngineMaterials/DefaultLightFunctionMaterial.uasset" 139
"../../../Engine/Content/EngineMaterials/DefaultLightFunctionMaterial.uexp" 140
"../../../Engine/Content/EngineMaterials/DefaultDestructiblePhysicalMaterial.uasset" 141
"../../../Engine/Content/EngineMaterials/DefaultDestructiblePhysicalMaterial.uexp" 142
"../../../Engine/Content/EngineMaterials/DefaultDeferredDecalMaterial.uasset" 143
"../../../Engine/Content/EngineMaterials/DefaultDeferredDecalMaterial.uexp" 144
"../../../Engine/Content/EngineMaterials/DefaultBokeh.uasset" 145
"../../../Engine/Content/EngineMaterials/DefaultBokeh.uexp" 146
"../../../Engine/Content/EngineMaterials/DefaultBloomKernel.uasset" 147
"../../../Engine/Content/EngineMaterials/DefaultBloomKernel.uexp" 148
"../../../Engine/Content/EngineMaterials/BlueNoise.uasset" 149
"../../../Engine/Content/EngineMaterials/BlueNoise.uexp" 150
"../../../Engine/Content/Functions/Engine_MaterialFunctions02/Utility/CameraDirectionVector.uasset" 151
"../../../Engine/Content/Functions/Engine_MaterialFunctions02/Utility/CameraDirectionVector.uexp" 152
"../../../Engine/Content/EngineDebugMaterials/VolumeToRender.uasset" 153
"../../../Engine/Content/EngineDebugMaterials/VolumeToRender.uexp" 154
"../../../Engine/Content/EngineDebugMaterials/M_VolumeRenderSphereTracePP.uasset" 155
"../../../Engine/Content/EngineDebugMaterials/M_VolumeRenderSphereTracePP.uexp" 156
"../../../Engine/Content/EngineDebugMaterials/M_SimpleUnlitTranslucent.uasset" 157
"../../../Engine/Content/EngineDebugMaterials/M_SimpleUnlitTranslucent.uexp" 158
"../../../Engine/Content/EngineDebugMaterials/DebugMeshMaterial.uasset" 159
"../../../Engine/Content/EngineDebugMaterials/DebugMeshMaterial.uexp" 160
"../../../Engine/Content/EngineDebugMaterials/DebugEditorMaterial.uasset" 161
"../../../Engine/Content/EngineDebugMaterials/DebugEditorMaterial.uexp" 162
"../../../Engine/Content/EngineDamageTypes/DmgTypeBP_Environmental.uasset" 163
"../../../Engine/Content/EngineDamageTypes/DmgTypeBP_Environmental.uexp" 164
"../../../Engine/Content/EditorResources/S_TriggerSphere.uasset" 165
"../../../Engine/Content/EditorResources/S_TriggerSphere.uexp" 166
"../../../Engine/Content/EditorResources/S_TriggerCapsule.uasset" 167
"../../../Engine/Content/EditorResources/S_TriggerCapsule.uexp" 168
"../../../Engine/Content/EditorResources/S_TriggerBox.uasset" 169
"../../../Engine/Content/EditorResources/S_TriggerBox.uexp" 170
"../../../Engine/Content/EditorResources/S_Trigger.ubulk" 171
"../../../Engine/Content/EditorResources/S_Trigger.uasset" 172
"../../../Engine/Content/EditorResources/S_Trigger.uexp" 173
"../../../Engine/Content/EditorResources/S_Terrain.ubulk" 174
"../../../Engine/Content/EditorResources/S_Terrain.uasset" 175
"../../../Engine/Content/EditorResources/S_Terrain.uexp" 176
"../../../Engine/Content/EditorResources/S_Solver.ubulk" 177
"../../../Engine/Content/EditorResources/S_Solver.uasset" 178
"../../../Engine/Content/EditorResources/S_Solver.uexp" 179
"../../../Engine/Content/EditorResources/S_BoxReflectionCapture.uasset" 180
"../../../Engine/Content/EditorResources/S_BoxReflectionCapture.uexp" 181
"../../../Engine/Content/EditorResources/S_Actor.ubulk" 182
"../../../Engine/Content/EditorResources/S_Actor.uasset" 183
"../../../Engine/Content/EditorResources/S_Actor.uexp" 184
"../../../Engine/Content/EditorResources/EmptyActor.uasset" 185
"../../../Engine/Content/EditorResources/EmptyActor.uexp" 186
"../../../Engine/Content/EditorResources/BSPVertex.uasset" 187
"../../../Engine/Content/EditorResources/BSPVertex.uexp" 188
"../../../Engine/Content/EditorResources/SequenceRecorder/RecordingIndicator.uasset" 189
"../../../Engine/Content/EditorResources/SequenceRecorder/RecordingIndicator.uexp" 190
"../../../Engine/Content/EditorResources/SequenceRecorder/Countdown.uasset" 191
"../../../Engine/Content/EditorResources/SequenceRecorder/Countdown.uexp" 192
"../../../Engine/Content/EditorMaterials/Camera/CineMat.uasset" 193
"../../../Engine/Content/EditorMaterials/Camera/CineMat.uexp" 194
"../../../Engine/Content/EditorMaterials/Camera/MI_CineMat_Rig.uasset" 195
"../../../Engine/Content/EditorMaterials/Camera/MI_CineMat_Rig.uexp" 196
"../../../Engine/Content/EditorMeshes/Camera/SM_RailRig_Track.ubulk" 197
"../../../Engine/Content/EditorMeshes/Camera/SM_RailRig_Track.uasset" 198
"../../../Engine/Content/EditorMeshes/Camera/SM_RailRig_Track.uexp" 199
"../../../Engine/Content/EditorMeshes/Camera/SM_RailRig_Mount.ubulk" 200
"../../../Engine/Content/EditorMeshes/Camera/SM_RailRig_Mount.uasset" 201
"../../../Engine/Content/EditorMeshes/Camera/SM_RailRig_Mount.uexp" 202
"../../../Engine/Content/EditorMeshes/Camera/SM_CraneRig_Mount.ubulk" 203
"../../../Engine/Content/EditorMeshes/Camera/SM_CraneRig_Mount.uasset" 204
"../../../Engine/Content/EditorMeshes/Camera/SM_CraneRig_Mount.uexp" 205
"../../../Engine/Content/EditorMeshes/Camera/SM_CraneRig_Body.ubulk" 206
"../../../Engine/Content/EditorMeshes/Camera/SM_CraneRig_Body.uasset" 207
"../../../Engine/Content/EditorMeshes/Camera/SM_CraneRig_Body.uexp" 208
"../../../Engine/Content/EditorMeshes/Camera/SM_CraneRig_Base.ubulk" 209
"../../../Engine/Content/EditorMeshes/Camera/SM_CraneRig_Base.uasset" 210
"../../../Engine/Content/EditorMeshes/Camera/SM_CraneRig_Base.uexp" 211
"../../../Engine/Content/EditorMeshes/Camera/SM_CraneRig_Arm.ubulk" 212
"../../../Engine/Content/EditorMeshes/Camera/SM_CraneRig_Arm.uasset" 213
"../../../Engine/Content/EditorMeshes/Camera/SM_CraneRig_Arm.uexp" 214
"../../../Engine/Content/EditorMaterials/PreviewShadowIndicator.ubulk" 215
"../../../Engine/Content/EditorMaterials/PreviewShadowIndicator.uasset" 216
"../../../Engine/Content/EditorMaterials/PreviewShadowIndicator.uexp" 217
"../../../Engine/Content/EditorMaterials/PreviewShadowIndicatorMaterial.uasset" 218
"../../../Engine/Content/EditorMaterials/PreviewShadowIndicatorMaterial.uexp" 219
"../../../Engine/Content/EditorMaterials/MAT_Groups_Visibility.uasset" 220
"../../../Engine/Content/EditorMaterials/MAT_Groups_Visibility.uexp" 221
"../../../Engine/Content/EditorMaterials/MAT_Groups_Toggle.uasset" 222
"../../../Engine/Content/EditorMaterials/MAT_Groups_Toggle.uexp" 223
"../../../Engine/Content/Functions/Engine_MaterialFunctions02/Utility/MakeFloat4.uasset" 224
"../../../Engine/Content/Functions/Engine_MaterialFunctions02/Utility/MakeFloat4.uexp" 225
"../../../Engine/Content/Functions/Engine_MaterialFunctions02/Utility/MakeFloat3.uasset" 226
"../../../Engine/Content/Functions/Engine_MaterialFunctions02/Utility/MakeFloat3.uexp" 227
"../../../Engine/Content/Functions/Engine_MaterialFunctions02/Utility/BreakOutFloat3Components.uasset" 228
"../../../Engine/Content/Functions/Engine_MaterialFunctions02/Utility/BreakOutFloat3Components.uexp" 229
"../../../Engine/Content/EditorMaterials/WorldPartition/WorldPartitionSpatialHashGridPreviewMaterial.uasset" 230
"../../../Engine/Content/EditorMaterials/WorldPartition/WorldPartitionSpatialHashGridPreviewMaterial.uexp" 231
"../../../Engine/Content/EditorMaterials/ParticleSystems/PSysThumbnail_OOD.ubulk" 232
"../../../Engine/Content/EditorMaterials/ParticleSystems/PSysThumbnail_OOD.uasset" 233
"../../../Engine/Content/EditorMaterials/ParticleSystems/PSysThumbnail_OOD.uexp" 234
"../../../Engine/Content/EditorMaterials/ParticleSystems/PSysThumbnail_NoImage.ubulk" 235
"../../../Engine/Content/EditorMaterials/ParticleSystems/PSysThumbnail_NoImage.uasset" 236
"../../../Engine/Content/EditorMaterials/ParticleSystems/PSysThumbnail_NoImage.uexp" 237
"../../../Engine/Content/EditorMaterials/MatineeGroups/MAT_Groups_Vector.uasset" 238
"../../../Engine/Content/EditorMaterials/MatineeGroups/MAT_Groups_Vector.uexp" 239
"../../../Engine/Content/EditorMaterials/MatineeGroups/MAT_Groups_Sound.uasset" 240
"../../../Engine/Content/EditorMaterials/MatineeGroups/MAT_Groups_Sound.uexp" 241
"../../../Engine/Content/EditorMaterials/MatineeGroups/MAT_Groups_Slomo.uasset" 242
"../../../Engine/Content/EditorMaterials/MatineeGroups/MAT_Groups_Slomo.uexp" 243
"../../../Engine/Content/EditorMaterials/MatineeGroups/MAT_Groups_Move.uasset" 244
"../../../Engine/Content/EditorMaterials/MatineeGroups/MAT_Groups_Move.uexp" 245
"../../../Engine/Content/EditorMaterials/MatineeGroups/MAT_Groups_Float.uasset" 246
"../../../Engine/Content/EditorMaterials/MatineeGroups/MAT_Groups_Float.uexp" 247
"../../../Engine/Content/EditorMaterials/MatineeGroups/MAT_Groups_Fade.uasset" 248
"../../../Engine/Content/EditorMaterials/MatineeGroups/MAT_Groups_Fade.uexp" 249
"../../../Engine/Content/EditorMaterials/MatineeGroups/MAT_Groups_Event.uasset" 250
"../../../Engine/Content/EditorMaterials/MatineeGroups/MAT_Groups_Event.uexp" 251
"../../../Engine/Content/EditorMaterials/MatineeGroups/MAT_Groups_Director.uasset" 252
"../../../Engine/Content/EditorMaterials/MatineeGroups/MAT_Groups_Director.uexp" 253
"../../../Engine/Content/EditorMaterials/MatineeGroups/MAT_Groups_AudioMaster.uasset" 254
"../../../Engine/Content/EditorMaterials/MatineeGroups/MAT_Groups_AudioMaster.uexp" 255
"../../../Engine/Content/EditorMaterials/MatineeGroups/MAT_Groups_Anim.uasset" 256
"../../../Engine/Content/EditorMaterials/MatineeGroups/MAT_Groups_Anim.uexp" 257
"../../../Engine/Content/EditorMaterials/MatineeGroups/MAT_ColorTrack.uasset" 258
"../../../Engine/Content/EditorMaterials/MatineeGroups/MAT_ColorTrack.uexp" 259
"../../../Engine/Content/EditorLandscapeResources/DefaultAlphaTexture.uasset" 260
"../../../Engine/Content/EditorLandscapeResources/DefaultAlphaTexture.uexp" 261
"../../../Engine/Content/EditorLandscapeResources/DataLayer.uasset" 262
"../../../Engine/Content/EditorLandscapeResources/DataLayer.uexp" 263
"../../../Engine/Content/EngineMaterials/T_Default_Material_Grid_M.ubulk" 264
"../../../Engine/Content/EngineMaterials/T_Default_Material_Grid_M.uasset" 265
"../../../Engine/Content/EngineMaterials/T_Default_Material_Grid_M.uexp" 266
"../../../Engine/Content/EngineMaterials/T_Default_Material_Grid_N.ubulk" 267
"../../../Engine/Content/EngineMaterials/T_Default_Material_Grid_N.uasset" 268
"../../../Engine/Content/EngineMaterials/T_Default_Material_Grid_N.uexp" 269
"../../../Engine/Content/Functions/Engine_MaterialFunctions01/Opacity/CameraDepthFade.uasset" 270
"../../../Engine/Content/Functions/Engine_MaterialFunctions01/Opacity/CameraDepthFade.uexp" 271
"../../../Engine/Content/EngineMaterials/DefaultMaterial.uasset" 272
"../../../Engine/Content/EngineMaterials/DefaultMaterial.uexp" 273
"../../../Engine/Content/BasicShapes/Sphere.ubulk" 274
"../../../Engine/Content/BasicShapes/Sphere.uasset" 275
"../../../Engine/Content/BasicShapes/Sphere.uexp" 276
"../../../Engine/Content/EngineMaterials/WorldGridMaterial.uasset" 277
"../../../Engine/Content/EngineMaterials/WorldGridMaterial.uexp" 278
"../../../Engine/Content/BasicShapes/Plane.ubulk" 279
"../../../Engine/Content/BasicShapes/Plane.uasset" 280
"../../../Engine/Content/BasicShapes/Plane.uexp" 281
"../../../Engine/Content/BasicShapes/Cylinder.ubulk" 282
"../../../Engine/Content/BasicShapes/Cylinder.uasset" 283
"../../../Engine/Content/BasicShapes/Cylinder.uexp" 284
"../../../Engine/Content/BasicShapes/Cube.ubulk" 285
"../../../Engine/Content/BasicShapes/Cube.uasset" 286
"../../../Engine/Content/BasicShapes/Cube.uexp" 287
"../../../Engine/Content/BasicShapes/Cone.ubulk" 288
"../../../Engine/Content/BasicShapes/Cone.uasset" 289
"../../../Engine/Content/BasicShapes/Cone.uexp" 290
"../../../Engine/Content/ArtTools/RenderToTexture/Meshes/S_1_Unit_Plane.ubulk" 291
"../../../Engine/Content/ArtTools/RenderToTexture/Meshes/S_1_Unit_Plane.uasset" 292
"../../../Engine/Content/ArtTools/RenderToTexture/Meshes/S_1_Unit_Plane.uexp" 293
"E:/Unreal/Projects/Multiplayer_Project/Multiplayer_Project/Content/Mesh/FaceBot.ubulk" 294
"E:/Unreal/Projects/Multiplayer_Project/Multiplayer_Project/Content/Mesh/FaceBot.uasset" 295
"E:/Unreal/Projects/Multiplayer_Project/Multiplayer_Project/Content/Mesh/FaceBot.uexp" 296
"E:/Unreal/Projects/Multiplayer_Project/Multiplayer_Project/Content/Material/PBR.uasset" 297
"E:/Unreal/Projects/Multiplayer_Project/Multiplayer_Project/Content/Material/PBR.uexp" 298
"E:/Unreal/Projects/Multiplayer_Project/Multiplayer_Project/Content/Material/PBR_Metal.uasset" 299
"E:/Unreal/Projects/Multiplayer_Project/Multiplayer_Project/Content/Material/PBR_Metal.uexp" 300
"E:/Unreal/Projects/Multiplayer_Project/Multiplayer_Project/Content/Material/Emissive.uasset" 301
"E:/Unreal/Projects/Multiplayer_Project/Multiplayer_Project/Content/Material/Emissive.uexp" 302
"E:/Unreal/Projects/Multiplayer_Project/Multiplayer_Project/Content/Material/Emissive_Screen.uasset" 303
"E:/Unreal/Projects/Multiplayer_Project/Multiplayer_Project/Content/Material/Emissive_Screen.uexp" 304
"E:/Unreal/Projects/Multiplayer_Project/Multiplayer_Project/Content/LevelPrototyping/Textures/T_GridChecker_A.ubulk" 305
"E:/Unreal/Projects/Multiplayer_Project/Multiplayer_Project/Content/LevelPrototyping/Textures/T_GridChecker_A.uasset" 306
"E:/Unreal/Projects/Multiplayer_Project/Multiplayer_Project/Content/LevelPrototyping/Textures/T_GridChecker_A.uexp" 307
"../../../Engine/Content/Functions/Engine_MaterialFunctions01/Gradient/LinearGradient.uasset" 308
"../../../Engine/Content/Functions/Engine_MaterialFunctions01/Gradient/LinearGradient.uexp" 309
"../../../Engine/Content/Functions/Engine_MaterialFunctions01/ImageAdjustment/CheapContrast.uasset" 310
"../../../Engine/Content/Functions/Engine_MaterialFunctions01/ImageAdjustment/CheapContrast.uexp" 311
"E:/Unreal/Projects/Multiplayer_Project/Multiplayer_Project/Content/LevelPrototyping/Materials/MF_ProcGrid.uasset" 312
"E:/Unreal/Projects/Multiplayer_Project/Multiplayer_Project/Content/LevelPrototyping/Materials/MF_ProcGrid.uexp" 313
"E:/Unreal/Projects/Multiplayer_Project/Multiplayer_Project/Content/LevelPrototyping/Materials/M_PrototypeGrid.uasset" 314
"E:/Unreal/Projects/Multiplayer_Project/Multiplayer_Project/Content/LevelPrototyping/Materials/M_PrototypeGrid.uexp" 315
"E:/Unreal/Projects/Multiplayer_Project/Multiplayer_Project/Content/LevelPrototyping/Materials/MI_PrototypeGrid_Gray.uasset" 316
"E:/Unreal/Projects/Multiplayer_Project/Multiplayer_Project/Content/LevelPrototyping/Materials/MI_PrototypeGrid_Gray.uexp" 317
"E:/Unreal/Projects/Multiplayer_Project/Multiplayer_Project/Content/LevelPrototyping/Meshes/SM_Ramp.ubulk" 318
"E:/Unreal/Projects/Multiplayer_Project/Multiplayer_Project/Content/LevelPrototyping/Meshes/SM_Ramp.uasset" 319
"E:/Unreal/Projects/Multiplayer_Project/Multiplayer_Project/Content/LevelPrototyping/Meshes/SM_Ramp.uexp" 320
"E:/Unreal/Projects/Multiplayer_Project/Multiplayer_Project/Content/LevelPrototyping/Meshes/SM_QuarterCylinder.ubulk" 321
"E:/Unreal/Projects/Multiplayer_Project/Multiplayer_Project/Content/LevelPrototyping/Meshes/SM_QuarterCylinder.uasset" 322
"E:/Unreal/Projects/Multiplayer_Project/Multiplayer_Project/Content/LevelPrototyping/Meshes/SM_QuarterCylinder.uexp" 323
"E:/Unreal/Projects/Multiplayer_Project/Multiplayer_Project/Content/LevelPrototyping/Meshes/SM_Cylinder.ubulk" 324
"E:/Unreal/Projects/Multiplayer_Project/Multiplayer_Project/Content/LevelPrototyping/Meshes/SM_Cylinder.uasset" 325
"E:/Unreal/Projects/Multiplayer_Project/Multiplayer_Project/Content/LevelPrototyping/Meshes/SM_Cylinder.uexp" 326
"E:/Unreal/Projects/Multiplayer_Project/Multiplayer_Project/Content/LevelPrototyping/Meshes/SM_Cube.ubulk" 327
"E:/Unreal/Projects/Multiplayer_Project/Multiplayer_Project/Content/LevelPrototyping/Meshes/SM_Cube.uasset" 328
"E:/Unreal/Projects/Multiplayer_Project/Multiplayer_Project/Content/LevelPrototyping/Meshes/SM_Cube.uexp" 329
"E:/Unreal/Projects/Multiplayer_Project/Multiplayer_Project/Content/LevelPrototyping/Materials/M_Solid.uasset" 330
"E:/Unreal/Projects/Multiplayer_Project/Multiplayer_Project/Content/LevelPrototyping/Materials/M_Solid.uexp" 331
"E:/Unreal/Projects/Multiplayer_Project/Multiplayer_Project/Content/LevelPrototyping/Materials/MI_Solid_Blue.uasset" 332
"E:/Unreal/Projects/Multiplayer_Project/Multiplayer_Project/Content/LevelPrototyping/Materials/MI_Solid_Blue.uexp" 333
"E:/Unreal/Projects/Multiplayer_Project/Multiplayer_Project/Content/LevelPrototyping/Meshes/SM_ChamferCube.ubulk" 334
"E:/Unreal/Projects/Multiplayer_Project/Multiplayer_Project/Content/LevelPrototyping/Meshes/SM_ChamferCube.uasset" 335
"E:/Unreal/Projects/Multiplayer_Project/Multiplayer_Project/Content/LevelPrototyping/Meshes/SM_ChamferCube.uexp" 336
"E:/Unreal/Projects/Multiplayer_Project/Multiplayer_Project/Content/LevelPrototyping/Materials/MI_PrototypeGrid_TopDark.uasset" 337
"E:/Unreal/Projects/Multiplayer_Project/Multiplayer_Project/Content/LevelPrototyping/Materials/MI_PrototypeGrid_TopDark.uexp" 338
"../../../Engine/Content/Tutorial/ContentIntroCurve.uasset" 339
"../../../Engine/Content/Tutorial/ContentIntroCurve.uexp" 340
"../../../Engine/Content/VREditor/TransformGizmo/Main.uasset" 341
"../../../Engine/Content/VREditor/TransformGizmo/Main.uexp" 342
"../../../Engine/Content/VREditor/TransformGizmo/Xray.uasset" 343
"../../../Engine/Content/VREditor/TransformGizmo/Xray.uexp" 344
"../../../Engine/Content/VREditor/TransformGizmo/SM_Sequencer_Node.ubulk" 345
"../../../Engine/Content/VREditor/TransformGizmo/SM_Sequencer_Node.uasset" 346
"../../../Engine/Content/VREditor/TransformGizmo/SM_Sequencer_Node.uexp" 347
"../../../Engine/Content/VREditor/LaserPointer/VR_LaserPower_01.ubulk" 348
"../../../Engine/Content/VREditor/LaserPointer/VR_LaserPower_01.uasset" 349
"../../../Engine/Content/VREditor/LaserPointer/VR_LaserPower_01.uexp" 350
"../../../Engine/Content/VREditor/TransformGizmo/TransformGizmoMaterial.uasset" 351
"../../../Engine/Content/VREditor/TransformGizmo/TransformGizmoMaterial.uexp" 352
"../../../Engine/Content/VREditor/TransformGizmo/TranslucentTransformGizmoMaterial.uasset" 353
"../../../Engine/Content/VREditor/TransformGizmo/TranslucentTransformGizmoMaterial.uexp" 354
"../../../Engine/Content/VREditor/TransformGizmo/PlaneTranslationHandle.ubulk" 355
"../../../Engine/Content/VREditor/TransformGizmo/PlaneTranslationHandle.uasset" 356
"../../../Engine/Content/VREditor/TransformGizmo/PlaneTranslationHandle.uexp" 357
"../../../Engine/Content/VREditor/TransformGizmo/BoundingBoxEdge.ubulk" 358
"../../../Engine/Content/VREditor/TransformGizmo/BoundingBoxEdge.uasset" 359
"../../../Engine/Content/VREditor/TransformGizmo/BoundingBoxEdge.uexp" 360
"../../../Engine/Content/VREditor/TransformGizmo/BoundingBoxCorner.ubulk" 361
"../../../Engine/Content/VREditor/TransformGizmo/BoundingBoxCorner.uasset" 362
"../../../Engine/Content/VREditor/TransformGizmo/BoundingBoxCorner.uexp" 363
"../../../Engine/Plugins/2D/Paper2D/Content/PlaceholderTextures/DummySpriteTexture.ubulk" 364
"../../../Engine/Plugins/2D/Paper2D/Content/PlaceholderTextures/DummySpriteTexture.uasset" 365
"../../../Engine/Plugins/2D/Paper2D/Content/PlaceholderTextures/DummySpriteTexture.uexp" 366
"../../../Engine/Plugins/2D/Paper2D/Content/DefaultSpriteMaterial.uasset" 367
"../../../Engine/Plugins/2D/Paper2D/Content/DefaultSpriteMaterial.uexp" 368
"../../../Engine/Plugins/2D/Paper2D/Content/OpaqueUnlitSpriteMaterial.uasset" 369
"../../../Engine/Plugins/2D/Paper2D/Content/OpaqueUnlitSpriteMaterial.uexp" 370
"../../../Engine/Plugins/2D/Paper2D/Content/MaskedUnlitSpriteMaterial.uasset" 371
"../../../Engine/Plugins/2D/Paper2D/Content/MaskedUnlitSpriteMaterial.uexp" 372
"../../../Engine/Plugins/2D/Paper2D/Content/DummySprite.uasset" 373
"../../../Engine/Plugins/2D/Paper2D/Content/DummySprite.uexp" 374
"../../../Engine/Plugins/2D/Paper2D/Content/DefaultPaperTerrainMaterial.uasset" 375
"../../../Engine/Plugins/2D/Paper2D/Content/DefaultPaperTerrainMaterial.uexp" 376
"../../../Engine/Plugins/Animation/ControlRig/Content/M_Manip.uasset" 377
"../../../Engine/Plugins/Animation/ControlRig/Content/M_Manip.uexp" 378
"../../../Engine/Plugins/Animation/ControlRig/Content/Controls/DefaultGizmoLibraryNormalized.uasset" 379
"../../../Engine/Plugins/Animation/ControlRig/Content/Controls/DefaultGizmoLibraryNormalized.uexp" 380
"../../../Engine/Plugins/Animation/ControlRig/Content/Controls/ControlRig_Wedge_solid.ubulk" 381
"../../../Engine/Plugins/Animation/ControlRig/Content/Controls/ControlRig_Wedge_solid.uasset" 382
"../../../Engine/Plugins/Animation/ControlRig/Content/Controls/ControlRig_Wedge_solid.uexp" 383
"../../../Engine/Plugins/Animation/ControlRig/Content/Controls/ControlRig_Wedge_3mm.ubulk" 384
"../../../Engine/Plugins/Animation/ControlRig/Content/Controls/ControlRig_Wedge_3mm.uasset" 385
"../../../Engine/Plugins/Animation/ControlRig/Content/Controls/ControlRig_Wedge_3mm.uexp" 386
"../../../Engine/Plugins/Animation/ControlRig/Content/Controls/ControlRig_Wedge_1mm.ubulk" 387
"../../../Engine/Plugins/Animation/ControlRig/Content/Controls/ControlRig_Wedge_1mm.uasset" 388
"../../../Engine/Plugins/Animation/ControlRig/Content/Controls/ControlRig_Wedge_1mm.uexp" 389
"../../../Engine/Plugins/Animation/ControlRig/Content/Controls/ControlRig_Triangle_solid.ubulk" 390
"../../../Engine/Plugins/Animation/ControlRig/Content/Controls/ControlRig_Triangle_solid.uasset" 391
"../../../Engine/Plugins/Animation/ControlRig/Content/Controls/ControlRig_Triangle_solid.uexp" 392
"../../../Engine/Plugins/Animation/ControlRig/Content/Controls/ControlRig_Triangle_3mm.ubulk" 393
"../../../Engine/Plugins/Animation/ControlRig/Content/Controls/ControlRig_Triangle_3mm.uasset" 394
"../../../Engine/Plugins/Animation/ControlRig/Content/Controls/ControlRig_Triangle_3mm.uexp" 395
"../../../Engine/Plugins/Animation/ControlRig/Content/Controls/ControlRig_Triangle_1mm.ubulk" 396
"../../../Engine/Plugins/Animation/ControlRig/Content/Controls/ControlRig_Triangle_1mm.uasset" 397
"../../../Engine/Plugins/Animation/ControlRig/Content/Controls/ControlRig_Triangle_1mm.uexp" 398
"../../../Engine/Plugins/Animation/ControlRig/Content/Controls/ControlRig_Star4_solid.ubulk" 399
"../../../Engine/Plugins/Animation/ControlRig/Content/Controls/ControlRig_Star4_solid.uasset" 400
"../../../Engine/Plugins/Animation/ControlRig/Content/Controls/ControlRig_Star4_solid.uexp" 401
"../../../Engine/Plugins/Animation/ControlRig/Content/Controls/ControlRig_Star4_3mm.ubulk" 402
"../../../Engine/Plugins/Animation/ControlRig/Content/Controls/ControlRig_Star4_3mm.uasset" 403
"../../../Engine/Plugins/Animation/ControlRig/Content/Controls/ControlRig_Star4_3mm.uexp" 404
"../../../Engine/Plugins/Animation/ControlRig/Content/Controls/ControlRig_Star4_1mm.ubulk" 405
"../../../Engine/Plugins/Animation/ControlRig/Content/Controls/ControlRig_Star4_1mm.uasset" 406
"../../../Engine/Plugins/Animation/ControlRig/Content/Controls/ControlRig_Star4_1mm.uexp" 407
"../../../Engine/Plugins/Animation/ControlRig/Content/Controls/ControlRig_Square_solid.ubulk" 408
"../../../Engine/Plugins/Animation/ControlRig/Content/Controls/ControlRig_Square_solid.uasset" 409
"../../../Engine/Plugins/Animation/ControlRig/Content/Controls/ControlRig_Square_solid.uexp" 410
"../../../Engine/Plugins/Animation/ControlRig/Content/Controls/ControlRig_Square_3mm.ubulk" 411
"../../../Engine/Plugins/Animation/ControlRig/Content/Controls/ControlRig_Square_3mm.uasset" 412
"../../../Engine/Plugins/Animation/ControlRig/Content/Controls/ControlRig_Square_3mm.uexp" 413
"../../../Engine/Plugins/Animation/ControlRig/Content/Controls/ControlRig_Square_1mm.ubulk" 414
"../../../Engine/Plugins/Animation/ControlRig/Content/Controls/ControlRig_Square_1mm.uasset" 415
"../../../Engine/Plugins/Animation/ControlRig/Content/Controls/ControlRig_Square_1mm.uexp" 416
"../../../Engine/Plugins/Animation/ControlRig/Content/Controls/ControlRig_Sphere_solid.ubulk" 417
"../../../Engine/Plugins/Animation/ControlRig/Content/Controls/ControlRig_Sphere_solid.uasset" 418
"../../../Engine/Plugins/Animation/ControlRig/Content/Controls/ControlRig_Sphere_solid.uexp" 419
"../../../Engine/Plugins/Animation/ControlRig/Content/Controls/ControlRig_Sphere_3mm.ubulk" 420
"../../../Engine/Plugins/Animation/ControlRig/Content/Controls/ControlRig_Sphere_3mm.uasset" 421
"../../../Engine/Plugins/Animation/ControlRig/Content/Controls/ControlRig_Sphere_3mm.uexp" 422
"../../../Engine/Plugins/Animation/ControlRig/Content/Controls/ControlRig_Sphere_1mm.ubulk" 423
"../../../Engine/Plugins/Animation/ControlRig/Content/Controls/ControlRig_Sphere_1mm.uasset" 424
"../../../Engine/Plugins/Animation/ControlRig/Content/Controls/ControlRig_Sphere_1mm.uexp" 425
"../../../Engine/Plugins/Animation/ControlRig/Content/Controls/ControlRig_RoundedTriangle_solid.ubulk" 426
"../../../Engine/Plugins/Animation/ControlRig/Content/Controls/ControlRig_RoundedTriangle_solid.uasset" 427
"../../../Engine/Plugins/Animation/ControlRig/Content/Controls/ControlRig_RoundedTriangle_solid.uexp" 428
"../../../Engine/Plugins/Animation/ControlRig/Content/Controls/ControlRig_RoundedTriangle_3mm.ubulk" 429
"../../../Engine/Plugins/Animation/ControlRig/Content/Controls/ControlRig_RoundedTriangle_3mm.uasset" 430
"../../../Engine/Plugins/Animation/ControlRig/Content/Controls/ControlRig_RoundedTriangle_3mm.uexp" 431
"../../../Engine/Plugins/Animation/ControlRig/Content/Controls/ControlRig_RoundedTriangle_1mm.ubulk" 432
"../../../Engine/Plugins/Animation/ControlRig/Content/Controls/ControlRig_RoundedTriangle_1mm.uasset" 433
"../../../Engine/Plugins/Animation/ControlRig/Content/Controls/ControlRig_RoundedTriangle_1mm.uexp" 434
"../../../Engine/Plugins/Animation/ControlRig/Content/Controls/ControlRig_RoundedSquare_solid.ubulk" 435
"../../../Engine/Plugins/Animation/ControlRig/Content/Controls/ControlRig_RoundedSquare_solid.uasset" 436
"../../../Engine/Plugins/Animation/ControlRig/Content/Controls/ControlRig_RoundedSquare_solid.uexp" 437
"../../../Engine/Plugins/Animation/ControlRig/Content/Controls/ControlRig_RoundedSquare_3mm.ubulk" 438
"../../../Engine/Plugins/Animation/ControlRig/Content/Controls/ControlRig_RoundedSquare_3mm.uasset" 439
"../../../Engine/Plugins/Animation/ControlRig/Content/Controls/ControlRig_RoundedSquare_3mm.uexp" 440
"../../../Engine/Plugins/Animation/ControlRig/Content/Controls/ControlRig_RoundedSquare_1mm.ubulk" 441
"../../../Engine/Plugins/Animation/ControlRig/Content/Controls/ControlRig_RoundedSquare_1mm.uasset" 442
"../../../Engine/Plugins/Animation/ControlRig/Content/Controls/ControlRig_RoundedSquare_1mm.uexp" 443
"../../../Engine/Plugins/Animation/ControlRig/Content/Controls/ControlRig_QuarterCircle_solid.ubulk" 444
"../../../Engine/Plugins/Animation/ControlRig/Content/Controls/ControlRig_QuarterCircle_solid.uasset" 445
"../../../Engine/Plugins/Animation/ControlRig/Content/Controls/ControlRig_QuarterCircle_solid.uexp" 446
"../../../Engine/Plugins/Animation/ControlRig/Content/Controls/ControlRig_QuarterCircle_3mm.ubulk" 447
"../../../Engine/Plugins/Animation/ControlRig/Content/Controls/ControlRig_QuarterCircle_3mm.uasset" 448
"../../../Engine/Plugins/Animation/ControlRig/Content/Controls/ControlRig_QuarterCircle_3mm.uexp" 449
"../../../Engine/Plugins/Animation/ControlRig/Content/Controls/ControlRig_QuarterCircle_1mm.ubulk" 450
"../../../Engine/Plugins/Animation/ControlRig/Content/Controls/ControlRig_QuarterCircle_1mm.uasset" 451
"../../../Engine/Plugins/Animation/ControlRig/Content/Controls/ControlRig_QuarterCircle_1mm.uexp" 452
"../../../Engine/Plugins/Animation/ControlRig/Content/Controls/ControlRig_Pyramid_solid.ubulk" 453
"../../../Engine/Plugins/Animation/ControlRig/Content/Controls/ControlRig_Pyramid_solid.uasset" 454
"../../../Engine/Plugins/Animation/ControlRig/Content/Controls/ControlRig_Pyramid_solid.uexp" 455
"../../../Engine/Plugins/Animation/ControlRig/Content/Controls/ControlRig_Pyramid_3mm.ubulk" 456
"../../../Engine/Plugins/Animation/ControlRig/Content/Controls/ControlRig_Pyramid_3mm.uasset" 457
"../../../Engine/Plugins/Animation/ControlRig/Content/Controls/ControlRig_Pyramid_3mm.uexp" 458
"../../../Engine/Plugins/Animation/ControlRig/Content/Controls/ControlRig_Pyramid_1mm.ubulk" 459
"../../../Engine/Plugins/Animation/ControlRig/Content/Controls/ControlRig_Pyramid_1mm.uasset" 460
"../../../Engine/Plugins/Animation/ControlRig/Content/Controls/ControlRig_Pyramid_1mm.uexp" 461
"../../../Engine/Plugins/Animation/ControlRig/Content/Controls/ControlRig_Octagon_solid.ubulk" 462
"../../../Engine/Plugins/Animation/ControlRig/Content/Controls/ControlRig_Octagon_solid.uasset" 463
"../../../Engine/Plugins/Animation/ControlRig/Content/Controls/ControlRig_Octagon_solid.uexp" 464
"../../../Engine/Plugins/Animation/ControlRig/Content/Controls/ControlRig_Octagon_3mm.ubulk" 465
"../../../Engine/Plugins/Animation/ControlRig/Content/Controls/ControlRig_Octagon_3mm.uasset" 466
"../../../Engine/Plugins/Animation/ControlRig/Content/Controls/ControlRig_Octagon_3mm.uexp" 467
"../../../Engine/Plugins/Animation/ControlRig/Content/Controls/ControlRig_Octagon_1mm.ubulk" 468
"../../../Engine/Plugins/Animation/ControlRig/Content/Controls/ControlRig_Octagon_1mm.uasset" 469
"../../../Engine/Plugins/Animation/ControlRig/Content/Controls/ControlRig_Octagon_1mm.uexp" 470
"../../../Engine/Plugins/Animation/ControlRig/Content/Controls/ControlRig_Hexagon_solid.ubulk" 471
"../../../Engine/Plugins/Animation/ControlRig/Content/Controls/ControlRig_Hexagon_solid.uasset" 472
"../../../Engine/Plugins/Animation/ControlRig/Content/Controls/ControlRig_Hexagon_solid.uexp" 473
"../../../Engine/Plugins/Animation/ControlRig/Content/Controls/ControlRig_Hexagon_3mm.ubulk" 474
"../../../Engine/Plugins/Animation/ControlRig/Content/Controls/ControlRig_Hexagon_3mm.uasset" 475
"../../../Engine/Plugins/Animation/ControlRig/Content/Controls/ControlRig_Hexagon_3mm.uexp" 476
"../../../Engine/Plugins/Animation/ControlRig/Content/Controls/ControlRig_Hexagon_1mm.ubulk" 477
"../../../Engine/Plugins/Animation/ControlRig/Content/Controls/ControlRig_Hexagon_1mm.uasset" 478
"../../../Engine/Plugins/Animation/ControlRig/Content/Controls/ControlRig_Hexagon_1mm.uexp" 479
"../../../Engine/Plugins/Animation/ControlRig/Content/Controls/ControlRig_HalfCircle_solid.ubulk" 480
"../../../Engine/Plugins/Animation/ControlRig/Content/Controls/ControlRig_HalfCircle_solid.uasset" 481
"../../../Engine/Plugins/Animation/ControlRig/Content/Controls/ControlRig_HalfCircle_solid.uexp" 482
"../../../Engine/Plugins/Animation/ControlRig/Content/Controls/ControlRig_HalfCircle_3mm.ubulk" 483
"../../../Engine/Plugins/Animation/ControlRig/Content/Controls/ControlRig_HalfCircle_3mm.uasset" 484
"../../../Engine/Plugins/Animation/ControlRig/Content/Controls/ControlRig_HalfCircle_3mm.uexp" 485
"../../../Engine/Plugins/Animation/ControlRig/Content/Controls/ControlRig_HalfCircle_1mm.ubulk" 486
"../../../Engine/Plugins/Animation/ControlRig/Content/Controls/ControlRig_HalfCircle_1mm.uasset" 487
"../../../Engine/Plugins/Animation/ControlRig/Content/Controls/ControlRig_HalfCircle_1mm.uexp" 488
"../../../Engine/Plugins/Animation/ControlRig/Content/Controls/ControlRig_Diamond_solid.ubulk" 489
"../../../Engine/Plugins/Animation/ControlRig/Content/Controls/ControlRig_Diamond_solid.uasset" 490
"../../../Engine/Plugins/Animation/ControlRig/Content/Controls/ControlRig_Diamond_solid.uexp" 491
"../../../Engine/Plugins/Animation/ControlRig/Content/Controls/ControlRig_Diamond_3mm.ubulk" 492
"../../../Engine/Plugins/Animation/ControlRig/Content/Controls/ControlRig_Diamond_3mm.uasset" 493
"../../../Engine/Plugins/Animation/ControlRig/Content/Controls/ControlRig_Diamond_3mm.uexp" 494
"../../../Engine/Plugins/Animation/ControlRig/Content/Controls/ControlRig_Diamond_1mm.ubulk" 495
"../../../Engine/Plugins/Animation/ControlRig/Content/Controls/ControlRig_Diamond_1mm.uasset" 496
"../../../Engine/Plugins/Animation/ControlRig/Content/Controls/ControlRig_Diamond_1mm.uexp" 497
"../../../Engine/Plugins/Animation/ControlRig/Content/Controls/ControlRig_Circle_solid.ubulk" 498
"../../../Engine/Plugins/Animation/ControlRig/Content/Controls/ControlRig_Circle_solid.uasset" 499
"../../../Engine/Plugins/Animation/ControlRig/Content/Controls/ControlRig_Circle_solid.uexp" 500
"../../../Engine/Plugins/Animation/ControlRig/Content/Controls/ControlRig_Circle_3mm.ubulk" 501
"../../../Engine/Plugins/Animation/ControlRig/Content/Controls/ControlRig_Circle_3mm.uasset" 502
"../../../Engine/Plugins/Animation/ControlRig/Content/Controls/ControlRig_Circle_3mm.uexp" 503
"../../../Engine/Plugins/Animation/ControlRig/Content/Controls/ControlRig_Circle_1mm.ubulk" 504
"../../../Engine/Plugins/Animation/ControlRig/Content/Controls/ControlRig_Circle_1mm.uasset" 505
"../../../Engine/Plugins/Animation/ControlRig/Content/Controls/ControlRig_Circle_1mm.uexp" 506
"../../../Engine/Plugins/Animation/ControlRig/Content/Controls/ControlRig_Box_solid.ubulk" 507
"../../../Engine/Plugins/Animation/ControlRig/Content/Controls/ControlRig_Box_solid.uasset" 508
"../../../Engine/Plugins/Animation/ControlRig/Content/Controls/ControlRig_Box_solid.uexp" 509
"../../../Engine/Plugins/Animation/ControlRig/Content/Controls/ControlRig_Box_3mm.ubulk" 510
"../../../Engine/Plugins/Animation/ControlRig/Content/Controls/ControlRig_Box_3mm.uasset" 511
"../../../Engine/Plugins/Animation/ControlRig/Content/Controls/ControlRig_Box_3mm.uexp" 512
"../../../Engine/Plugins/Animation/ControlRig/Content/Controls/ControlRig_Box_1mm.ubulk" 513
"../../../Engine/Plugins/Animation/ControlRig/Content/Controls/ControlRig_Box_1mm.uasset" 514
"../../../Engine/Plugins/Animation/ControlRig/Content/Controls/ControlRig_Box_1mm.uexp" 515
"../../../Engine/Plugins/Animation/ControlRig/Content/Controls/ControlRig_Arrow_solid.ubulk" 516
"../../../Engine/Plugins/Animation/ControlRig/Content/Controls/ControlRig_Arrow_solid.uasset" 517
"../../../Engine/Plugins/Animation/ControlRig/Content/Controls/ControlRig_Arrow_solid.uexp" 518
"../../../Engine/Plugins/Animation/ControlRig/Content/Controls/ControlRig_Arrow_3mm.ubulk" 519
"../../../Engine/Plugins/Animation/ControlRig/Content/Controls/ControlRig_Arrow_3mm.uasset" 520
"../../../Engine/Plugins/Animation/ControlRig/Content/Controls/ControlRig_Arrow_3mm.uexp" 521
"../../../Engine/Plugins/Animation/ControlRig/Content/Controls/ControlRig_Arrow_1mm.ubulk" 522
"../../../Engine/Plugins/Animation/ControlRig/Content/Controls/ControlRig_Arrow_1mm.uasset" 523
"../../../Engine/Plugins/Animation/ControlRig/Content/Controls/ControlRig_Arrow_1mm.uexp" 524
"../../../Engine/Plugins/Animation/ControlRig/Content/Controls/ControlRig_Arrow4_solid.ubulk" 525
"../../../Engine/Plugins/Animation/ControlRig/Content/Controls/ControlRig_Arrow4_solid.uasset" 526
"../../../Engine/Plugins/Animation/ControlRig/Content/Controls/ControlRig_Arrow4_solid.uexp" 527
"../../../Engine/Plugins/Animation/ControlRig/Content/Controls/ControlRig_Arrow4_3mm.ubulk" 528
"../../../Engine/Plugins/Animation/ControlRig/Content/Controls/ControlRig_Arrow4_3mm.uasset" 529
"../../../Engine/Plugins/Animation/ControlRig/Content/Controls/ControlRig_Arrow4_3mm.uexp" 530
"../../../Engine/Plugins/Animation/ControlRig/Content/Controls/ControlRig_Arrow4_1mm.ubulk" 531
"../../../Engine/Plugins/Animation/ControlRig/Content/Controls/ControlRig_Arrow4_1mm.uasset" 532
"../../../Engine/Plugins/Animation/ControlRig/Content/Controls/ControlRig_Arrow4_1mm.uexp" 533
"../../../Engine/Plugins/Animation/ControlRig/Content/Controls/ControlRig_Arrow2_solid.ubulk" 534
"../../../Engine/Plugins/Animation/ControlRig/Content/Controls/ControlRig_Arrow2_solid.uasset" 535
"../../../Engine/Plugins/Animation/ControlRig/Content/Controls/ControlRig_Arrow2_solid.uexp" 536
"../../../Engine/Plugins/Animation/ControlRig/Content/Controls/ControlRig_Arrow2_3mm.ubulk" 537
"../../../Engine/Plugins/Animation/ControlRig/Content/Controls/ControlRig_Arrow2_3mm.uasset" 538
"../../../Engine/Plugins/Animation/ControlRig/Content/Controls/ControlRig_Arrow2_3mm.uexp" 539
"../../../Engine/Plugins/Animation/ControlRig/Content/Controls/ControlRig_Arrow2_1mm.ubulk" 540
"../../../Engine/Plugins/Animation/ControlRig/Content/Controls/ControlRig_Arrow2_1mm.uasset" 541
"../../../Engine/Plugins/Animation/ControlRig/Content/Controls/ControlRig_Arrow2_1mm.uexp" 542
"../../../Engine/Plugins/Animation/ControlRig/Content/Controls/ControlRigGizmoMaterial.uasset" 543
"../../../Engine/Plugins/Animation/ControlRig/Content/Controls/ControlRigGizmoMaterial.uexp" 544
"../../../Engine/Plugins/Editor/SpeedTreeImporter/Content/SpeedTree9/game_wind_noise.ubulk" 545
"../../../Engine/Plugins/Editor/SpeedTreeImporter/Content/SpeedTree9/game_wind_noise.uasset" 546
"../../../Engine/Plugins/Editor/SpeedTreeImporter/Content/SpeedTree9/game_wind_noise.uexp" 547
"../../../Engine/Plugins/Editor/SpeedTreeImporter/Content/SpeedTree9/UnpackDirection.uasset" 548
"../../../Engine/Plugins/Editor/SpeedTreeImporter/Content/SpeedTree9/UnpackDirection.uexp" 549
"../../../Engine/Content/Functions/Engine_MaterialFunctions02/ObjectLocalBounds.uasset" 550
"../../../Engine/Content/Functions/Engine_MaterialFunctions02/ObjectLocalBounds.uexp" 551
"../../../Engine/Content/Functions/Engine_MaterialFunctions02/UVs/BoundingBoxBased_0-1_UVW.uasset" 552
"../../../Engine/Content/Functions/Engine_MaterialFunctions02/UVs/BoundingBoxBased_0-1_UVW.uexp" 553
"../../../Engine/Content/Functions/Engine_MaterialFunctions02/Utility/VectorLength.uasset" 554
"../../../Engine/Content/Functions/Engine_MaterialFunctions02/Utility/VectorLength.uexp" 555
"../../../Engine/Plugins/Editor/SpeedTreeImporter/Content/SpeedTree9/UnpackInteger3.uasset" 556
"../../../Engine/Plugins/Editor/SpeedTreeImporter/Content/SpeedTree9/UnpackInteger3.uexp" 557
"../../../Engine/Plugins/Editor/SpeedTreeImporter/Content/SpeedTree9/SpeedTreeCameraFacing.uasset" 558
"../../../Engine/Plugins/Editor/SpeedTreeImporter/Content/SpeedTree9/SpeedTreeCameraFacing.uexp" 559
"../../../Engine/Content/Functions/Engine_MaterialFunctions02/WorldPositionOffset/ObjectScale.uasset" 560
"../../../Engine/Content/Functions/Engine_MaterialFunctions02/WorldPositionOffset/ObjectScale.uexp" 561
"../../../Engine/Content/Functions/Engine_MaterialFunctions02/SafeNormalize.uasset" 562
"../../../Engine/Content/Functions/Engine_MaterialFunctions02/SafeNormalize.uexp" 563
"../../../Engine/Plugins/Editor/SpeedTreeImporter/Content/SpeedTree9/SpeedTreeWindMotion.uasset" 564
"../../../Engine/Plugins/Editor/SpeedTreeImporter/Content/SpeedTree9/SpeedTreeWindMotion.uexp" 565
"../../../Engine/Plugins/Editor/SpeedTreeImporter/Content/SpeedTree9/SpeedTreeBranchMotion.uasset" 566
"../../../Engine/Plugins/Editor/SpeedTreeImporter/Content/SpeedTree9/SpeedTreeBranchMotion.uexp" 567
"../../../Engine/Plugins/Editor/SpeedTreeImporter/Content/SpeedTree9/SpeedTreeWind.uasset" 568
"../../../Engine/Plugins/Editor/SpeedTreeImporter/Content/SpeedTree9/SpeedTreeWind.uexp" 569
"../../../Engine/Plugins/Editor/SpeedTreeImporter/Content/SpeedTree9/EmptyNormal.uasset" 570
"../../../Engine/Plugins/Editor/SpeedTreeImporter/Content/SpeedTree9/EmptyNormal.uexp" 571
"../../../Engine/Plugins/Editor/SpeedTreeImporter/Content/SpeedTree9/Empty.uasset" 572
"../../../Engine/Plugins/Editor/SpeedTreeImporter/Content/SpeedTree9/Empty.uexp" 573
"../../../Engine/Plugins/Editor/SpeedTreeImporter/Content/SpeedTree9/SpeedTreeMaster.uasset" 574
"../../../Engine/Plugins/Editor/SpeedTreeImporter/Content/SpeedTree9/SpeedTreeMaster.uexp" 575
"../../../Engine/Plugins/Editor/SpeedTreeImporter/Content/SpeedTree9/SpeedTreeBillboard.uasset" 576
"../../../Engine/Plugins/Editor/SpeedTreeImporter/Content/SpeedTree9/SpeedTreeBillboard.uexp" 577
"../../../Engine/Plugins/Editor/SpeedTreeImporter/Content/SpeedTree9/SpeedTreeBillboardMaster.uasset" 578
"../../../Engine/Plugins/Editor/SpeedTreeImporter/Content/SpeedTree9/SpeedTreeBillboardMaster.uexp" 579
"../../../Engine/Plugins/Runtime/HairStrands/Content/Materials/HairMeshesDefaultMaterial.uasset" 580
"../../../Engine/Plugins/Runtime/HairStrands/Content/Materials/HairMeshesDefaultMaterial.uexp" 581
"../../../Engine/Plugins/Runtime/HairStrands/Content/Materials/HairDefaultMaterial.uasset" 582
"../../../Engine/Plugins/Runtime/HairStrands/Content/Materials/HairDefaultMaterial.uexp" 583
"../../../Engine/Plugins/Runtime/HairStrands/Content/Materials/HairGroupColors.uasset" 584
"../../../Engine/Plugins/Runtime/HairStrands/Content/Materials/HairGroupColors.uexp" 585
"../../../Engine/Content/EngineMaterials/HairColorMap.uasset" 586
"../../../Engine/Content/EngineMaterials/HairColorMap.uexp" 587
"../../../Engine/Content/EngineMaterials/HairDebugColor.uasset" 588
"../../../Engine/Content/EngineMaterials/HairDebugColor.uexp" 589
"../../../Engine/Plugins/Runtime/HairStrands/Content/Materials/HairDebugMaterial.uasset" 590
"../../../Engine/Plugins/Runtime/HairStrands/Content/Materials/HairDebugMaterial.uexp" 591
"../../../Engine/Plugins/Runtime/HairStrands/Content/Materials/HairCardsDefaultMaterial.uasset" 592
"../../../Engine/Plugins/Runtime/HairStrands/Content/Materials/HairCardsDefaultMaterial.uexp" 593
"../../../Engine/Content/Maps/Templates/HLODs/HLODLayer_Instanced.uasset" 594
"../../../Engine/Content/Maps/Templates/HLODs/HLODLayer_Instanced.uexp" 595
"E:/Unreal/Projects/Multiplayer_Project/Multiplayer_Project/Content/Maps/First_Level.uexp" 596
"E:/Unreal/Projects/Multiplayer_Project/Multiplayer_Project/Content/Maps/First_Level.umap" 597
"../../../Engine/Content/EngineMaterials/BlendFunc_DefBlend.uasset" 598
"../../../Engine/Content/EngineMaterials/BlendFunc_DefBlend.uexp" 599
"../../../Engine/Content/EngineMaterials/BlendFunc_DefBase.uasset" 600
"../../../Engine/Content/EngineMaterials/BlendFunc_DefBase.uexp" 601
"../../../Engine/Content/Functions/Engine_MaterialFunctions03/Blends/Blend_Overlay.uasset" 602
"../../../Engine/Content/Functions/Engine_MaterialFunctions03/Blends/Blend_Overlay.uexp" 603
"../../../Engine/Content/OpenWorldTemplate/LandscapeMaterial/T_GridChecker_A.ubulk" 604
"../../../Engine/Content/OpenWorldTemplate/LandscapeMaterial/T_GridChecker_A.uasset" 605
"../../../Engine/Content/OpenWorldTemplate/LandscapeMaterial/T_GridChecker_A.uexp" 606
"../../../Engine/Content/OpenWorldTemplate/LandscapeMaterial/MF_ProcGrid.uasset" 607
"../../../Engine/Content/OpenWorldTemplate/LandscapeMaterial/MF_ProcGrid.uexp" 608
"../../../Engine/Content/OpenWorldTemplate/LandscapeMaterial/M_ProcGrid.uasset" 609
"../../../Engine/Content/OpenWorldTemplate/LandscapeMaterial/M_ProcGrid.uexp" 610
"../../../Engine/Content/OpenWorldTemplate/LandscapeMaterial/MI_ProcGrid.uasset" 611
"../../../Engine/Content/OpenWorldTemplate/LandscapeMaterial/MI_ProcGrid.uexp" 612
"E:/Unreal/Projects/Multiplayer_Project/Multiplayer_Project/Content/Maps/Menu/LobbyMenu_Map_BuiltData.ubulk" 613
"E:/Unreal/Projects/Multiplayer_Project/Multiplayer_Project/Content/Maps/Menu/LobbyMenu_Map_BuiltData.uasset" 614
"E:/Unreal/Projects/Multiplayer_Project/Multiplayer_Project/Content/Maps/Menu/LobbyMenu_Map_BuiltData.uexp" 615
"../../../Engine/Content/EngineSky/T_Sky_Stars.ubulk" 616
"../../../Engine/Content/EngineSky/T_Sky_Stars.uasset" 617
"../../../Engine/Content/EngineSky/T_Sky_Stars.uexp" 618
"../../../Engine/Content/EngineSky/T_Sky_Clouds_M.ubulk" 619
"../../../Engine/Content/EngineSky/T_Sky_Clouds_M.uasset" 620
"../../../Engine/Content/EngineSky/T_Sky_Clouds_M.uexp" 621
"../../../Engine/Content/EngineSky/T_Sky_Blue.ubulk" 622
"../../../Engine/Content/EngineSky/T_Sky_Blue.uasset" 623
"../../../Engine/Content/EngineSky/T_Sky_Blue.uexp" 624
"../../../Engine/Content/EngineSky/M_Sky_Panning_Clouds2.uasset" 625
"../../../Engine/Content/EngineSky/M_Sky_Panning_Clouds2.uexp" 626
"../../../Engine/Content/EngineSky/SM_SkySphere.ubulk" 627
"../../../Engine/Content/EngineSky/SM_SkySphere.uasset" 628
"../../../Engine/Content/EngineSky/SM_SkySphere.uexp" 629
"E:/Unreal/Projects/Multiplayer_Project/Multiplayer_Project/Content/Framework/BP_Menu_Pawn.uasset" 630
"E:/Unreal/Projects/Multiplayer_Project/Multiplayer_Project/Content/Framework/BP_Menu_Pawn.uexp" 631
"E:/Unreal/Projects/Multiplayer_Project/Multiplayer_Project/Content/Framework/BP_Menu_PlayerController.uasset" 632
"E:/Unreal/Projects/Multiplayer_Project/Multiplayer_Project/Content/Framework/BP_Menu_PlayerController.uexp" 633
"E:/Unreal/Projects/Multiplayer_Project/Multiplayer_Project/Content/Framework/BP_Menu_Gamemode.uasset" 634
"E:/Unreal/Projects/Multiplayer_Project/Multiplayer_Project/Content/Framework/BP_Menu_Gamemode.uexp" 635
"../../../Engine/Content/MapTemplates/SM_Template_Map_Floor.ubulk" 636
"../../../Engine/Content/MapTemplates/SM_Template_Map_Floor.uasset" 637
"../../../Engine/Content/MapTemplates/SM_Template_Map_Floor.uexp" 638
"../../../Engine/Content/EngineSky/M_SimpleSkyDome.uasset" 639
"../../../Engine/Content/EngineSky/M_SimpleSkyDome.uexp" 640
"E:/Unreal/Projects/Multiplayer_Project/Multiplayer_Project/Content/Maps/Menu/LobbyMenu_Map.uexp" 641
"E:/Unreal/Projects/Multiplayer_Project/Multiplayer_Project/Content/Maps/Menu/LobbyMenu_Map.umap" 642
"../../../Engine/Content/EngineFonts/Faces/RobotoLight.uexp" 643
"../../../Engine/Content/EngineFonts/Faces/RobotoLight.uasset" 644
"../../../Engine/Content/EngineFonts/Faces/RobotoLight.ufont" 645
"../../../Engine/Content/EngineFonts/Faces/RobotoBold.uexp" 646
"../../../Engine/Content/EngineFonts/Faces/RobotoBold.uasset" 647
"../../../Engine/Content/EngineFonts/Faces/RobotoBold.ufont" 648
"../../../Engine/Content/EngineFonts/Faces/RobotoRegular.uexp" 649
"../../../Engine/Content/EngineFonts/Faces/RobotoRegular.uasset" 650
"../../../Engine/Content/EngineFonts/Faces/RobotoRegular.ufont" 651
"../../../Engine/Content/EngineFonts/Faces/DroidSansFallback.uexp" 652
"../../../Engine/Content/EngineFonts/Faces/DroidSansFallback.uasset" 653
"../../../Engine/Content/EngineFonts/Faces/DroidSansFallback.ufont" 654
"../../../Engine/Content/EngineFonts/Faces/RobotoItalic.uexp" 655
"../../../Engine/Content/EngineFonts/Faces/RobotoItalic.uasset" 656
"../../../Engine/Content/EngineFonts/Faces/RobotoItalic.ufont" 657
"../../../Engine/Content/EngineFonts/Faces/RobotoBoldItalic.uexp" 658
"../../../Engine/Content/EngineFonts/Faces/RobotoBoldItalic.uasset" 659
"../../../Engine/Content/EngineFonts/Faces/RobotoBoldItalic.ufont" 660
"../../../Engine/Content/EngineFonts/Roboto.uasset" 661
"../../../Engine/Content/EngineFonts/Roboto.uexp" 662
"E:/Unreal/Projects/Multiplayer_Project/Multiplayer_Project/Content/UIs/Widgets/UI_ServerRow.uasset" 663
"E:/Unreal/Projects/Multiplayer_Project/Multiplayer_Project/Content/UIs/Widgets/UI_ServerRow.uexp" 664
"../../../Engine/Content/EditorBlueprintResources/StandardMacros.uasset" 665
"../../../Engine/Content/EditorBlueprintResources/StandardMacros.uexp" 666
"E:/Unreal/Projects/Multiplayer_Project/Multiplayer_Project/Content/UIs/Widgets/UI_MultiplayerMenu.uasset" 667
"E:/Unreal/Projects/Multiplayer_Project/Multiplayer_Project/Content/UIs/Widgets/UI_MultiplayerMenu.uexp" 668
"E:/Unreal/Projects/Multiplayer_Project/Multiplayer_Project/Content/SavedData/Struct_PlayerProfile.uasset" 669
"E:/Unreal/Projects/Multiplayer_Project/Multiplayer_Project/Content/SavedData/Struct_PlayerProfile.uexp" 670
"E:/Unreal/Projects/Multiplayer_Project/Multiplayer_Project/Content/SavedData/SaveGame_PlayerProfile.uasset" 671
"E:/Unreal/Projects/Multiplayer_Project/Multiplayer_Project/Content/SavedData/SaveGame_PlayerProfile.uexp" 672
"E:/Unreal/Projects/Multiplayer_Project/Multiplayer_Project/Content/UIs/Widgets/UI_MainMenu.uasset" 673
"E:/Unreal/Projects/Multiplayer_Project/Multiplayer_Project/Content/UIs/Widgets/UI_MainMenu.uexp" 674
"E:/Unreal/Projects/Multiplayer_Project/Multiplayer_Project/Content/Framework/BP_GameInstance.uasset" 675
"E:/Unreal/Projects/Multiplayer_Project/Multiplayer_Project/Content/Framework/BP_GameInstance.uexp" 676
"E:/Unreal/Projects/Multiplayer_Project/Multiplayer_Project/Content/Maps/Menu/MainMenu_Map_BuiltData.uasset" 677
"E:/Unreal/Projects/Multiplayer_Project/Multiplayer_Project/Content/Maps/Menu/MainMenu_Map_BuiltData.uexp" 678
"E:/Unreal/Projects/Multiplayer_Project/Multiplayer_Project/Content/Maps/Menu/MainMenu_Map.uexp" 679
"E:/Unreal/Projects/Multiplayer_Project/Multiplayer_Project/Content/Maps/Menu/MainMenu_Map.umap" 680
